app/build/intermediates/manifest_merge_blame_file/debug/manifest-merger-blame-debug-report.txt
1<?xml version="1.0" encoding="utf-8"?>
2<manifest xmlns:android="http://schemas.android.com/apk/res/android"
3    package="com.example.cartoon"
4    android:versionCode="1"
5    android:versionName="1.0" >
6
7    <uses-sdk
8        android:minSdkVersion="22"
8-->src\main\AndroidManifest.xml
9        android:targetSdkVersion="28" />
9-->src\main\AndroidManifest.xml
10
11    <uses-permission android:name="android.permission.INTERNET" />
11-->src\main\AndroidManifest.xml:5:5-67
11-->src\main\AndroidManifest.xml:5:22-64
12
13    <!-- To store the heap dumps and leak analysis results. -->
14    <uses-permission android:name="android.permission.READ_EXTERNAL_STORAGE" />
14-->[com.squareup.leakcanary:leakcanary-android:1.6.1] AndroidManifest.xml:23:5-80
14-->[com.squareup.leakcanary:leakcanary-android:1.6.1] AndroidManifest.xml:23:22-77
15    <uses-permission android:name="android.permission.WRITE_EXTERNAL_STORAGE" />
15-->[com.squareup.leakcanary:leakcanary-android:1.6.1] AndroidManifest.xml:24:5-81
15-->[com.squareup.leakcanary:leakcanary-android:1.6.1] AndroidManifest.xml:24:22-78
16
17    <application
17-->src\main\AndroidManifest.xml:7:5-28:19
18        android:name="com.example.cartoon.App"
18-->src\main\AndroidManifest.xml:8:9-28
19        android:allowBackup="true"
19-->src\main\AndroidManifest.xml:9:9-35
20        android:appComponentFactory="androidx.core.app.CoreComponentFactory"
20-->[androidx.core:core:1.1.0] AndroidManifest.xml:24:18-86
21        android:debuggable="true"
22        android:icon="@mipmap/ic_launcher"
22-->src\main\AndroidManifest.xml:10:9-43
23        android:label="@string/app_name"
23-->src\main\AndroidManifest.xml:11:9-41
24        android:roundIcon="@mipmap/ic_launcher_round"
24-->src\main\AndroidManifest.xml:12:9-54
25        android:supportsRtl="true"
25-->src\main\AndroidManifest.xml:13:9-35
26        android:testOnly="true"
27        android:theme="@style/AppTheme"
27-->src\main\AndroidManifest.xml:14:9-40
28        android:usesCleartextTraffic="true" >
28-->src\main\AndroidManifest.xml:15:9-44
29        <activity
29-->src\main\AndroidManifest.xml:16:9-18:51
30            android:name="com.example.cartoon.cartoonLoader.ImageViewActivity"
30-->src\main\AndroidManifest.xml:17:13-60
31            android:theme="@style/ReadAppTheme" />
31-->src\main\AndroidManifest.xml:18:13-48
32        <activity android:name="com.example.cartoon.catlog.CatlogActivity" />
32-->src\main\AndroidManifest.xml:19:9-59
32-->src\main\AndroidManifest.xml:19:19-56
33        <activity android:name="com.example.cartoon.nav_homepage.HomePageActivity" >
33-->src\main\AndroidManifest.xml:20:9-26:20
33-->src\main\AndroidManifest.xml:20:19-64
34            <intent-filter>
34-->src\main\AndroidManifest.xml:21:13-25:29
35                <action android:name="android.intent.action.MAIN" />
35-->src\main\AndroidManifest.xml:22:17-69
35-->src\main\AndroidManifest.xml:22:25-66
36
37                <category android:name="android.intent.category.LAUNCHER" />
37-->src\main\AndroidManifest.xml:24:17-77
37-->src\main\AndroidManifest.xml:24:27-74
38            </intent-filter>
39        </activity>
40        <activity android:name="com.example.cartoon.homePage.MainActivity" />
40-->src\main\AndroidManifest.xml:27:9-68
40-->src\main\AndroidManifest.xml:27:19-56
41
42        <service
42-->[com.squareup.leakcanary:leakcanary-android:1.6.1] AndroidManifest.xml:27:9-30:45
43            android:name="com.squareup.leakcanary.internal.HeapAnalyzerService"
43-->[com.squareup.leakcanary:leakcanary-android:1.6.1] AndroidManifest.xml:28:13-80
44            android:enabled="false"
44-->[com.squareup.leakcanary:leakcanary-android:1.6.1] AndroidManifest.xml:29:13-36
45            android:process=":leakcanary" />
45-->[com.squareup.leakcanary:leakcanary-android:1.6.1] AndroidManifest.xml:30:13-42
46        <service
46-->[com.squareup.leakcanary:leakcanary-android:1.6.1] AndroidManifest.xml:31:9-34:45
47            android:name="com.squareup.leakcanary.DisplayLeakService"
47-->[com.squareup.leakcanary:leakcanary-android:1.6.1] AndroidManifest.xml:32:13-70
48            android:enabled="false"
48-->[com.squareup.leakcanary:leakcanary-android:1.6.1] AndroidManifest.xml:33:13-36
49            android:process=":leakcanary" />
49-->[com.squareup.leakcanary:leakcanary-android:1.6.1] AndroidManifest.xml:34:13-42
50
51        <provider
51-->[com.squareup.leakcanary:leakcanary-android:1.6.1] AndroidManifest.xml:36:9-44:20
52            android:name="com.squareup.leakcanary.internal.LeakCanaryFileProvider"
52-->[com.squareup.leakcanary:leakcanary-android:1.6.1] AndroidManifest.xml:37:13-83
53            android:authorities="com.squareup.leakcanary.fileprovider.com.example.cartoon"
53-->[com.squareup.leakcanary:leakcanary-android:1.6.1] AndroidManifest.xml:38:13-88
54            android:exported="false"
54-->[com.squareup.leakcanary:leakcanary-android:1.6.1] AndroidManifest.xml:39:13-37
55            android:grantUriPermissions="true" >
55-->[com.squareup.leakcanary:leakcanary-android:1.6.1] AndroidManifest.xml:40:13-47
56            <meta-data
56-->[com.squareup.leakcanary:leakcanary-android:1.6.1] AndroidManifest.xml:41:13-43:66
57                android:name="android.support.FILE_PROVIDER_PATHS"
57-->[com.squareup.leakcanary:leakcanary-android:1.6.1] AndroidManifest.xml:42:17-67
58                android:resource="@xml/leak_canary_file_paths" />
58-->[com.squareup.leakcanary:leakcanary-android:1.6.1] AndroidManifest.xml:43:17-63
59        </provider>
60
61        <activity
61-->[com.squareup.leakcanary:leakcanary-android:1.6.1] AndroidManifest.xml:46:9-59:20
62            android:name="com.squareup.leakcanary.internal.DisplayLeakActivity"
62-->[com.squareup.leakcanary:leakcanary-android:1.6.1] AndroidManifest.xml:47:13-80
63            android:enabled="false"
63-->[com.squareup.leakcanary:leakcanary-android:1.6.1] AndroidManifest.xml:48:13-36
64            android:icon="@mipmap/leak_canary_icon"
64-->[com.squareup.leakcanary:leakcanary-android:1.6.1] AndroidManifest.xml:49:13-52
65            android:label="@string/leak_canary_display_activity_label"
65-->[com.squareup.leakcanary:leakcanary-android:1.6.1] AndroidManifest.xml:50:13-71
66            android:process=":leakcanary"
66-->[com.squareup.leakcanary:leakcanary-android:1.6.1] AndroidManifest.xml:51:13-42
67            android:taskAffinity="com.squareup.leakcanary.com.example.cartoon"
67-->[com.squareup.leakcanary:leakcanary-android:1.6.1] AndroidManifest.xml:52:13-76
68            android:theme="@style/leak_canary_LeakCanary.Base" >
68-->[com.squareup.leakcanary:leakcanary-android:1.6.1] AndroidManifest.xml:53:13-63
69            <intent-filter>
69-->src\main\AndroidManifest.xml:21:13-25:29
70                <action android:name="android.intent.action.MAIN" />
70-->src\main\AndroidManifest.xml:22:17-69
70-->src\main\AndroidManifest.xml:22:25-66
71
72                <category android:name="android.intent.category.LAUNCHER" />
72-->src\main\AndroidManifest.xml:24:17-77
72-->src\main\AndroidManifest.xml:24:27-74
73            </intent-filter>
74        </activity>
75        <activity
75-->[com.squareup.leakcanary:leakcanary-android:1.6.1] AndroidManifest.xml:60:9-69:68
76            android:name="com.squareup.leakcanary.internal.RequestStoragePermissionActivity"
76-->[com.squareup.leakcanary:leakcanary-android:1.6.1] AndroidManifest.xml:61:13-93
77            android:enabled="false"
77-->[com.squareup.leakcanary:leakcanary-android:1.6.1] AndroidManifest.xml:62:13-36
78            android:excludeFromRecents="true"
78-->[com.squareup.leakcanary:leakcanary-android:1.6.1] AndroidManifest.xml:63:13-46
79            android:icon="@mipmap/leak_canary_icon"
79-->[com.squareup.leakcanary:leakcanary-android:1.6.1] AndroidManifest.xml:64:13-52
80            android:label="@string/leak_canary_storage_permission_activity_label"
80-->[com.squareup.leakcanary:leakcanary-android:1.6.1] AndroidManifest.xml:65:13-82
81            android:process=":leakcanary"
81-->[com.squareup.leakcanary:leakcanary-android:1.6.1] AndroidManifest.xml:66:13-42
82            android:roundIcon="@mipmap/leak_canary_icon"
82-->[com.squareup.leakcanary:leakcanary-android:1.6.1] AndroidManifest.xml:67:13-57
83            android:taskAffinity="com.squareup.leakcanary.com.example.cartoon"
83-->[com.squareup.leakcanary:leakcanary-android:1.6.1] AndroidManifest.xml:68:13-76
84            android:theme="@style/leak_canary_Theme.Transparent" />
84-->[com.squareup.leakcanary:leakcanary-android:1.6.1] AndroidManifest.xml:69:13-65
85
86        <meta-data
86-->[com.github.bumptech.glide:okhttp3-integration:4.6.1] AndroidManifest.xml:11:9-13:43
87            android:name="com.bumptech.glide.integration.okhttp3.OkHttpGlideModule"
87-->[com.github.bumptech.glide:okhttp3-integration:4.6.1] AndroidManifest.xml:12:13-84
88            android:value="GlideModule" />
88-->[com.github.bumptech.glide:okhttp3-integration:4.6.1] AndroidManifest.xml:13:13-40
89    </application>
90
91</manifest>